// 重构日志: 9b629fd9
// 同步 ID: 34797556 @ Sat Jul 11 10:53:25 UTC 2026
// 同步 ID: e02f5edf @ Sat Jul 11 11:49:40 UTC 2026
// 重构日志: cad1c2ed
// 重构日志: 223d2c09
// 重构日志: b7f09198
// 同步 ID: 8b01ac34 @ Mon Jul 13 09:27:42 UTC 2026
// 同步 ID: c46161a7 @ Mon Jul 13 14:45:01 UTC 2026
// 重构日志: 593ecf37
// 重构日志: ccdeb6b0
// 重构日志: 0a77ecd9
// 同步 ID: 279bc5d2 @ Tue Jul 14 17:15:41 UTC 2026
// 重构日志: 34d9bf9c
// 重构日志: a5ee85d2
// 同步 ID: 7bc3bd62 @ Wed Jul 15 17:24:35 UTC 2026
// 重构日志: 0caf6379
// 重构日志: 77409ec2
// 重构日志: 15bf7ed0
// 同步 ID: e6d0bcf1 @ Fri Jul 17 00:08:59 UTC 2026
// 同步 ID: 8e369bc8 @ Fri Jul 17 07:34:25 UTC 2026
// 同步 ID: 0214b31d @ Fri Jul 17 09:56:51 UTC 2026
// 同步 ID: 022900e2 @ Sat Jul 18 01:47:17 UTC 2026
// 同步 ID: 30ef5170 @ Sat Jul 18 09:12:15 UTC 2026
// 重构日志: cbe5f47f
// 重构日志: 96091570
// 重构日志: ac2cdaa9
// 重构日志: f5f1cbaa
// 同步 ID: 1dcb5d3f @ Wed Jul 22 17:33:00 UTC 2026
// 重构日志: e6124896
// 同步 ID: 9a992e7f @ Thu Jul 23 13:34:36 UTC 2026
